<?xml version="1.0" encoding="UTF-8"?>
<!-- Generated by org.testng.reporters.JUnitXMLReporter -->
<testsuite hostname="Lenovo-PC" name="Command line test" tests="3" failures="0" timestamp="8 Mar 2016 07:50:01 GMT" time="5.582" errors="0">
  <testcase name="" time="0.004" classname="springmvc.model.dao.ApplicationStatusDaoTest"/>
  <testcase name="" time="0.001" classname="springmvc.model.dao.DepartmentDaoTest"/>
  <testcase name="" time="0.001" classname="springmvc.model.dao.DepartmentDaoTest"/>
</testsuite> <!-- Command line test -->
